<?xml version="1.0" encoding="UTF-8"?>
<!-- Generated by org.testng.reporters.JUnitXMLReporter -->
<testsuite ignored="0" hostname="HP-PAVILION" failures="0" tests="2" name="Testing login feature" time="26.589" errors="0" timestamp="2022-08-17T11:53:51 IST">
  <testcase classname="SpiceJet.flightbooking.LoginValidations" name="loginToQaClickAcademy" time="0.849"/>
  <testcase classname="SpiceJet.flightbooking.LoginValidations" name="loginToQaClickAcademy" time="0.633"/>
</testsuite> <!-- Testing login feature -->
