<?xml version="1.0" encoding="UTF-8"?>
<!-- Generated by org.testng.reporters.JUnitXMLReporter -->
<testsuite ignored="0" hostname="HP-PAVILION" failures="0" tests="5" name="Test" time="85.264" errors="0" timestamp="2022-08-17T09:32:16 IST">
  <testcase classname="SpiceJet.flightbooking.navigationBarValidation" name="validateNavigationBar" time="0.125"/>
  <testcase classname="SpiceJet.flightbooking.homePageValidations" name="clickOnLogin" time="0.076"/>
  <testcase classname="SpiceJet.flightbooking.titleOfCourseSectionValidations" name="validateTitleOfCourseSection" time="0.074"/>
  <testcase classname="SpiceJet.flightbooking.LoginValidations" name="loginToQaClickAcademy" time="2.328"/>
  <testcase classname="SpiceJet.flightbooking.LoginValidations" name="loginToQaClickAcademy" time="0.837"/>
</testsuite> <!-- Test -->
