<?xml version="1.0" encoding="UTF-8"?>
<testsuite xmlns:xsi="http://www.w3.org/2001/XMLSchema-instance" xsi:noNamespaceSchemaLocation="https://maven.apache.org/surefire/maven-surefire-plugin/xsd/surefire-test-report-3.0.xsd" version="3.0" name="TestSuite" time="30.437" tests="5" errors="0" skipped="0" failures="1">
  <properties>
[...]
</properties>
  <testcase name="loginToQaClickAcademy[qwe@gmail.com, qwe123, 1st Data has been validated successfully.](1)" classname="SpiceJet.flightbooking.LoginValidations" time="0.859">
    <system-out><![CDATA[1st Data has been validated successfully.
]]></system-out>
    <system-err><![CDATA[SLF4J: Failed to load class "org.slf4j.impl.StaticLoggerBinder".
SLF4J: Defaulting to no-operation (NOP) logger implementation
SLF4J: See http://www.slf4j.org/codes.html#StaticLoggerBinder for further details.
Starting ChromeDriver 104.0.5112.79 (3cf3e8c8a07d104b9e1260c910efb8f383285dc5-refs/branch-heads/5112@{#1307}) on port 60137
Only local connectSiotnasr tairneg  aClhlroowmeedD.ri
vPelre a10s4.e0 .s5e1e1 2h.t7t9p s(:3//ccfh3roem8ecd8rai0v7edr1.0c4hbr9oem1i2u6m0.co9r1g0e/sfbe8cfu3Sr8i3tt2ya8-r5ctdoincns5ig-d reCerhfartsio/obmnresaD nrcifhvo-erh rse ua1gd0gs4eS/.s5t0t1ia.1ro52tn@1is1n{ 2g#o .1n7 C39kh0 er7(oe}3mp)cei fnDo3grne i C8vphcoer8rrota m 10e507D44dr2.1i6008v.4e
5bOr19n 1els21ya2 .fl67eo0c.9ca
 l(913 c0cfoen3fnbee88cfct83ia8o03n27s8 da51r0d4ce5 b-a9lrele1o2fws6e/0dbc.9r1
a0nPeclhfeb-ash8efe 3asd8es3e/2 58h15ttd1pc2@5s{-:r#/1/e3c0fhs7r/}o)bm raeondncr hip-vohererta.c dhs5r/8o54m19i19u2m@
.{Oo#nr1lg3y/0 s7le}co)uc raoilnt  ycp-ooncrnoten cs5ti4id1oe5n7rsa 
taOirnoeln ysa  llflooocrwa elsd u.cgog
nePslnteeiacstoein ossn eosne  a khreteet ppiasnl:gl/ o/CCwchhehrrdr.ooommme
eedPDDrlrrieiivavveeesrerr.   cshsweraaeosfm e iuh.smt.tt
poasr:rg/t/e/scedhc rusorumiectdcyre-iscvsoefnrus.lcilhdyreo.rmai
tuimo.nosr gf/osre csuurgigteys-tcioonnssi doerna tkieoenpsi nfgo rC hsurogmgeeDsrtiivoenrs  soanf ek.eep
ing ChromeDriver safe.
ChromeDriver was started successfully.
ChromeDriver was started successfully.
ChromeDriver was started successfully.
Aug 17, 2022 11:53:28 AM org.openqa.selenium.remote.ProtocolHandshake createSession
INFO: Detected upstream dialect: W3C
Aug 17, 2022 11:53:28 AM org.openqa.selenium.remote.ProtocolHandshake createSession
INFO: Detected upstream dialect: W3C
Aug 17, 2022 11:53:28 AM org.openqa.selenium.remote.ProtocolHandshake createSession
INFO: Detected upstream dialect: W3C
Aug 17, 2022 11:53:28 AM org.openqa.selenium.remote.ProtocolHandshake createSession
INFO: Detected upstream dialect: W3C
Aug 17, 2022 11:53:28 AM org.openqa.selenium.devtools.CdpVersionFinder findNearestMatch
INFO: Found exact CDP implementation for version 104
Aug 17, 2022 11:53:28 AM org.openqa.selenium.devtools.CdpVersionFinder findNearestMatch
INFO: Found exact CDP implementation for version 104
Aug 17, 2022 11:53:28 AM org.openqa.selenium.devtools.CdpVersionFinder findNearestMatch
INFO: Found exact CDP implementation for version 104
Aug 17, 2022 11:53:28 AM org.openqa.selenium.devtools.CdpVersionFinder findNearestMatch
INFO: Found exact CDP implementation for version 104
]]></system-err>
  </testcase>
  <testcase name="loginToQaClickAcademy[qwer@gmail.com, qwer1234, 2nd Data has been validated successfully.](2)" classname="SpiceJet.flightbooking.LoginValidations" time="0.38">
    <system-out><![CDATA[2nd Data has been validated successfully.
]]></system-out>
  </testcase>
  <testcase name="validateNavigationBar" classname="SpiceJet.flightbooking.navigationBarValidation" time="0.138"/>
  <testcase name="clickOnLogin" classname="SpiceJet.flightbooking.homePageValidations" time="0.058"/>
  <testcase name="validateTitleOfCourseSection" classname="SpiceJet.flightbooking.titleOfCourseSectionValidations" time="0.866">
    <failure message="expected [FEATURE COURSES] but found [FEATURED COURSES]" type="java.lang.AssertionError"><![CDATA[java.lang.AssertionError: expected [FEATURE COURSES] but found [FEATURED COURSES]
	at org.testng.Assert.fail(Assert.java:110)
	at org.testng.Assert.failNotEquals(Assert.java:1413)
	at org.testng.Assert.assertEqualsImpl(Assert.java:149)
	at org.testng.Assert.assertEquals(Assert.java:131)
	at org.testng.Assert.assertEquals(Assert.java:655)
	at org.testng.Assert.assertEquals(Assert.java:665)
	at SpiceJet.flightbooking.titleOfCourseSectionValidations.validateTitleOfCourseSection(titleOfCourseSectionValidations.java:28)
	at java.base/jdk.internal.reflect.NativeMethodAccessorImpl.invoke0(Native Method)
	at java.base/jdk.internal.reflect.NativeMethodAccessorImpl.invoke(NativeMethodAccessorImpl.java:62)
	at java.base/jdk.internal.reflect.DelegatingMethodAccessorImpl.invoke(DelegatingMethodAccessorImpl.java:43)
	at java.base/java.lang.reflect.Method.invoke(Method.java:566)
	at org.testng.internal.invokers.MethodInvocationHelper.invokeMethod(MethodInvocationHelper.java:139)
	at org.testng.internal.invokers.TestInvoker.invokeMethod(TestInvoker.java:677)
	at org.testng.internal.invokers.TestInvoker.invokeTestMethod(TestInvoker.java:221)
	at org.testng.internal.invokers.MethodRunner.runInSequence(MethodRunner.java:50)
	at org.testng.internal.invokers.TestInvoker$MethodInvocationAgent.invoke(TestInvoker.java:962)
	at org.testng.internal.invokers.TestInvoker.invokeTestMethods(TestInvoker.java:194)
	at org.testng.internal.invokers.TestMethodWorker.invokeTestMethods(TestMethodWorker.java:148)
	at org.testng.internal.invokers.TestMethodWorker.run(TestMethodWorker.java:128)
	at java.base/java.util.ArrayList.forEach(ArrayList.java:1541)
	at org.testng.TestRunner.privateRun(TestRunner.java:806)
	at org.testng.TestRunner.run(TestRunner.java:601)
	at org.testng.SuiteRunner.runTest(SuiteRunner.java:433)
	at org.testng.SuiteRunner$SuiteWorker.run(SuiteRunner.java:471)
	at org.testng.internal.thread.ThreadUtil.lambda$execute$0(ThreadUtil.java:58)
	at java.base/java.util.concurrent.FutureTask.run(FutureTask.java:264)
	at java.base/java.util.concurrent.ThreadPoolExecutor.runWorker(ThreadPoolExecutor.java:1128)
	at java.base/java.util.concurrent.ThreadPoolExecutor$Worker.run(ThreadPoolExecutor.java:628)
	at java.base/java.lang.Thread.run(Thread.java:834)
]]></failure>
  </testcase>
</testsuite>