<?xml version="1.0" encoding="UTF-8"?>
<testng-results ignored="0" total="5" passed="4" failed="1" skipped="0">
  <reporter-output>
  </reporter-output>
  <suite started-at="2022-08-16T21:05:29 IST" name="Suite" finished-at="2022-08-16T21:08:09 IST" duration-ms="159621">
    <groups>
    </groups>
    <test started-at="2022-08-16T21:05:29 IST" name="Test" finished-at="2022-08-16T21:08:09 IST" duration-ms="159621">
      <class name="SpiceJet.flightbooking.homePageValidations">
        <test-method is-config="true" signature="openBrowser()[pri:0, instance:SpiceJet.flightbooking.homePageValidations@2d710f1a]" started-at="2022-08-16T21:06:52 IST" name="openBrowser" finished-at="2022-08-16T21:08:05 IST" duration-ms="72414" status="PASS">
          <reporter-output>
          </reporter-output>
        </test-method> <!-- openBrowser -->
        <test-method signature="clickOnLogin()[pri:1, instance:SpiceJet.flightbooking.homePageValidations@2d710f1a]" started-at="2022-08-16T21:08:05 IST" name="clickOnLogin" finished-at="2022-08-16T21:08:06 IST" duration-ms="1125" status="FAIL">
          <exception class="org.openqa.selenium.ElementClickInterceptedException">
            <message>
              <![CDATA[element click intercepted: Element <a href="https://rahulshettyacademy.com/sign_in/">...</a> is not clickable at point (1494, 15). Other element would receive the click: <div class="listbuilder-popup-content">...</div>
  (Session info: chrome=104.0.5112.81)
Build info: version: '4.4.0', revision: 'e5c75ed026a'
System info: host: 'HP-PAVILION', ip: '192.168.1.101', os.name: 'Windows 10', os.arch: 'amd64', os.version: '10.0', java.version: '16.0.2'
Driver info: org.openqa.selenium.chrome.ChromeDriver
Command: [08334b9631d05deed0b1d1f87ad387fd, clickElement {id=abc96bad-0597-4771-8022-98b4943e7c56}]
Capabilities {acceptInsecureCerts: false, browserName: chrome, browserVersion: 104.0.5112.81, chrome: {chromedriverVersion: 104.0.5112.79 (3cf3e8c8a07d..., userDataDir: C:\Users\hp\AppData\Local\T...}, goog:chromeOptions: {debuggerAddress: localhost:59410}, networkConnectionEnabled: false, pageLoadStrategy: normal, platformName: WINDOWS, proxy: Proxy(), se:cdp: ws://localhost:59410/devtoo..., se:cdpVersion: 104.0.5112.81, setWindowRect: true, strictFileInteractability: false, timeouts: {implicit: 0, pageLoad: 300000, script: 30000}, unhandledPromptBehavior: dismiss and notify, webauthn:extension:credBlob: true, webauthn:extension:largeBlob: true, webauthn:virtualAuthenticators: true}
Element: [[ChromeDriver: chrome on WINDOWS (08334b9631d05deed0b1d1f87ad387fd)] -> link text: Login]
Session ID: 08334b9631d05deed0b1d1f87ad387fd]]>
            </message>
            <full-stacktrace>
              <![CDATA[org.openqa.selenium.ElementClickInterceptedException: element click intercepted: Element <a href="https://rahulshettyacademy.com/sign_in/">...</a> is not clickable at point (1494, 15). Other element would receive the click: <div class="listbuilder-popup-content">...</div>
  (Session info: chrome=104.0.5112.81)
Build info: version: '4.4.0', revision: 'e5c75ed026a'
System info: host: 'HP-PAVILION', ip: '192.168.1.101', os.name: 'Windows 10', os.arch: 'amd64', os.version: '10.0', java.version: '16.0.2'
Driver info: org.openqa.selenium.chrome.ChromeDriver
Command: [08334b9631d05deed0b1d1f87ad387fd, clickElement {id=abc96bad-0597-4771-8022-98b4943e7c56}]
Capabilities {acceptInsecureCerts: false, browserName: chrome, browserVersion: 104.0.5112.81, chrome: {chromedriverVersion: 104.0.5112.79 (3cf3e8c8a07d..., userDataDir: C:\Users\hp\AppData\Local\T...}, goog:chromeOptions: {debuggerAddress: localhost:59410}, networkConnectionEnabled: false, pageLoadStrategy: normal, platformName: WINDOWS, proxy: Proxy(), se:cdp: ws://localhost:59410/devtoo..., se:cdpVersion: 104.0.5112.81, setWindowRect: true, strictFileInteractability: false, timeouts: {implicit: 0, pageLoad: 300000, script: 30000}, unhandledPromptBehavior: dismiss and notify, webauthn:extension:credBlob: true, webauthn:extension:largeBlob: true, webauthn:virtualAuthenticators: true}
Element: [[ChromeDriver: chrome on WINDOWS (08334b9631d05deed0b1d1f87ad387fd)] -> link text: Login]
Session ID: 08334b9631d05deed0b1d1f87ad387fd
at java.base/jdk.internal.reflect.NativeConstructorAccessorImpl.newInstance0(Native Method)
at java.base/jdk.internal.reflect.NativeConstructorAccessorImpl.newInstance(NativeConstructorAccessorImpl.java:78)
at java.base/jdk.internal.reflect.DelegatingConstructorAccessorImpl.newInstance(DelegatingConstructorAccessorImpl.java:45)
at java.base/java.lang.reflect.Constructor.newInstanceWithCaller(Constructor.java:499)
at java.base/java.lang.reflect.Constructor.newInstance(Constructor.java:480)
at org.openqa.selenium.remote.codec.w3c.W3CHttpResponseCodec.createException(W3CHttpResponseCodec.java:200)
at org.openqa.selenium.remote.codec.w3c.W3CHttpResponseCodec.decode(W3CHttpResponseCodec.java:133)
at org.openqa.selenium.remote.codec.w3c.W3CHttpResponseCodec.decode(W3CHttpResponseCodec.java:53)
at org.openqa.selenium.remote.HttpCommandExecutor.execute(HttpCommandExecutor.java:184)
at org.openqa.selenium.remote.service.DriverCommandExecutor.invokeExecute(DriverCommandExecutor.java:167)
at org.openqa.selenium.remote.service.DriverCommandExecutor.execute(DriverCommandExecutor.java:142)
at org.openqa.selenium.remote.RemoteWebDriver.execute(RemoteWebDriver.java:547)
at org.openqa.selenium.remote.RemoteWebElement.execute(RemoteWebElement.java:257)
at org.openqa.selenium.remote.RemoteWebElement.click(RemoteWebElement.java:78)
at SpiceJet.flightbooking.homePageValidations.clickOnLogin(homePageValidations.java:30)
at java.base/jdk.internal.reflect.NativeMethodAccessorImpl.invoke0(Native Method)
at java.base/jdk.internal.reflect.NativeMethodAccessorImpl.invoke(NativeMethodAccessorImpl.java:78)
at java.base/jdk.internal.reflect.DelegatingMethodAccessorImpl.invoke(DelegatingMethodAccessorImpl.java:43)
at java.base/java.lang.reflect.Method.invoke(Method.java:567)
at org.testng.internal.MethodInvocationHelper.invokeMethod(MethodInvocationHelper.java:133)
at org.testng.internal.TestInvoker.invokeMethod(TestInvoker.java:598)
at org.testng.internal.TestInvoker.invokeTestMethod(TestInvoker.java:173)
at org.testng.internal.MethodRunner.runInSequence(MethodRunner.java:46)
at org.testng.internal.TestInvoker$MethodInvocationAgent.invoke(TestInvoker.java:824)
at org.testng.internal.TestInvoker.invokeTestMethods(TestInvoker.java:146)
at org.testng.internal.TestMethodWorker.invokeTestMethods(TestMethodWorker.java:146)
at org.testng.internal.TestMethodWorker.run(TestMethodWorker.java:128)
at java.base/java.util.ArrayList.forEach(ArrayList.java:1511)
at org.testng.TestRunner.privateRun(TestRunner.java:794)
at org.testng.TestRunner.run(TestRunner.java:596)
at org.testng.SuiteRunner.runTest(SuiteRunner.java:377)
at org.testng.SuiteRunner.runSequentially(SuiteRunner.java:371)
at org.testng.SuiteRunner.privateRun(SuiteRunner.java:332)
at org.testng.SuiteRunner.run(SuiteRunner.java:276)
at org.testng.SuiteRunnerWorker.runSuite(SuiteRunnerWorker.java:53)
at org.testng.SuiteRunnerWorker.run(SuiteRunnerWorker.java:96)
at org.testng.TestNG.runSuitesSequentially(TestNG.java:1212)
at org.testng.TestNG.runSuitesLocally(TestNG.java:1134)
at org.testng.TestNG.runSuites(TestNG.java:1063)
at org.testng.TestNG.run(TestNG.java:1031)
at org.testng.remote.AbstractRemoteTestNG.run(AbstractRemoteTestNG.java:115)
at org.testng.remote.RemoteTestNG.initAndRun(RemoteTestNG.java:251)
at org.testng.remote.RemoteTestNG.main(RemoteTestNG.java:77)
]]>
            </full-stacktrace>
          </exception> <!-- org.openqa.selenium.ElementClickInterceptedException -->
          <reporter-output>
          </reporter-output>
        </test-method> <!-- clickOnLogin -->
      </class> <!-- SpiceJet.flightbooking.homePageValidations -->
      <class name="SpiceJet.flightbooking.titleOfCourseSectionValidations">
        <test-method is-config="true" signature="openBrowser()[pri:0, instance:SpiceJet.flightbooking.titleOfCourseSectionValidations@29215f06]" started-at="2022-08-16T21:06:17 IST" name="openBrowser" finished-at="2022-08-16T21:06:52 IST" duration-ms="35616" status="PASS">
          <reporter-output>
          </reporter-output>
        </test-method> <!-- openBrowser -->
        <test-method signature="validateTitleOfCourseSection()[pri:0, instance:SpiceJet.flightbooking.titleOfCourseSectionValidations@29215f06]" started-at="2022-08-16T21:08:06 IST" name="validateTitleOfCourseSection" finished-at="2022-08-16T21:08:06 IST" duration-ms="40" status="PASS">
          <reporter-output>
          </reporter-output>
        </test-method> <!-- validateTitleOfCourseSection -->
      </class> <!-- SpiceJet.flightbooking.titleOfCourseSectionValidations -->
      <class name="SpiceJet.flightbooking.navigationBarValidation">
        <test-method is-config="true" signature="openBrowser()[pri:0, instance:SpiceJet.flightbooking.navigationBarValidation@1b11171f]" started-at="2022-08-16T21:05:53 IST" name="openBrowser" finished-at="2022-08-16T21:06:17 IST" duration-ms="23335" status="PASS">
          <reporter-output>
          </reporter-output>
        </test-method> <!-- openBrowser -->
        <test-method signature="validateNavigationBar()[pri:0, instance:SpiceJet.flightbooking.navigationBarValidation@1b11171f]" started-at="2022-08-16T21:06:52 IST" name="validateNavigationBar" finished-at="2022-08-16T21:06:52 IST" duration-ms="70" status="PASS">
          <reporter-output>
          </reporter-output>
        </test-method> <!-- validateNavigationBar -->
      </class> <!-- SpiceJet.flightbooking.navigationBarValidation -->
      <class name="SpiceJet.flightbooking.LoginValidations">
        <test-method is-config="true" signature="openBrowser()[pri:0, instance:SpiceJet.flightbooking.LoginValidations@59505b48]" started-at="2022-08-16T21:05:29 IST" name="openBrowser" finished-at="2022-08-16T21:05:53 IST" duration-ms="24322" status="PASS">
          <reporter-output>
          </reporter-output>
        </test-method> <!-- openBrowser -->
        <test-method signature="loginToQaClickAcademy(java.lang.String,java.lang.String,java.lang.String)[pri:0, instance:SpiceJet.flightbooking.LoginValidations@59505b48]" started-at="2022-08-16T21:08:06 IST" name="loginToQaClickAcademy" data-provider="listOfUsers" finished-at="2022-08-16T21:08:08 IST" duration-ms="1821" status="PASS">
          <params>
            <param index="0">
              <value>
                <![CDATA[qwe@gmail.com]]>
              </value>
            </param>
            <param index="1">
              <value>
                <![CDATA[qwe123]]>
              </value>
            </param>
            <param index="2">
              <value>
                <![CDATA[1st Data has been validated successfully.]]>
              </value>
            </param>
          </params>
          <reporter-output>
          </reporter-output>
        </test-method> <!-- loginToQaClickAcademy -->
        <test-method signature="loginToQaClickAcademy(java.lang.String,java.lang.String,java.lang.String)[pri:0, instance:SpiceJet.flightbooking.LoginValidations@59505b48]" started-at="2022-08-16T21:08:08 IST" name="loginToQaClickAcademy" data-provider="listOfUsers" finished-at="2022-08-16T21:08:09 IST" duration-ms="816" status="PASS">
          <params>
            <param index="0">
              <value>
                <![CDATA[qwer@gmail.com]]>
              </value>
            </param>
            <param index="1">
              <value>
                <![CDATA[qwer1234]]>
              </value>
            </param>
            <param index="2">
              <value>
                <![CDATA[2nd Data has been validated successfully.]]>
              </value>
            </param>
          </params>
          <reporter-output>
          </reporter-output>
        </test-method> <!-- loginToQaClickAcademy -->
      </class> <!-- SpiceJet.flightbooking.LoginValidations -->
    </test> <!-- Test -->
  </suite> <!-- Suite -->
</testng-results>
