<?xml version="1.0" encoding="UTF-8"?>
<testng-results ignored="0" total="2" passed="2" failed="0" skipped="0">
  <reporter-output>
  </reporter-output>
  <suite started-at="2022-08-17T07:17:31 IST" name="Default suite" finished-at="2022-08-17T07:17:38 IST" duration-ms="7322">
    <groups>
    </groups>
    <test started-at="2022-08-17T07:17:31 IST" name="Default test" finished-at="2022-08-17T07:17:38 IST" duration-ms="7322">
      <class name="SpiceJet.flightbooking.LoginValidations">
        <test-method is-config="true" signature="openBrowser()[pri:0, instance:SpiceJet.flightbooking.LoginValidations@61001b64]" started-at="2022-08-17T07:17:31 IST" name="openBrowser" finished-at="2022-08-17T07:17:37 IST" duration-ms="6112" status="PASS">
          <reporter-output>
          </reporter-output>
        </test-method> <!-- openBrowser -->
        <test-method signature="loginToQaClickAcademy(java.lang.String,java.lang.String,java.lang.String)[pri:0, instance:SpiceJet.flightbooking.LoginValidations@61001b64]" started-at="2022-08-17T07:17:37 IST" name="loginToQaClickAcademy" data-provider="listOfUsers" finished-at="2022-08-17T07:17:37 IST" duration-ms="450" status="PASS">
          <params>
            <param index="0">
              <value>
                <![CDATA[qwe@gmail.com]]>
              </value>
            </param>
            <param index="1">
              <value>
                <![CDATA[qwe123]]>
              </value>
            </param>
            <param index="2">
              <value>
                <![CDATA[1st Data has been validated successfully.]]>
              </value>
            </param>
          </params>
          <reporter-output>
          </reporter-output>
        </test-method> <!-- loginToQaClickAcademy -->
        <test-method signature="loginToQaClickAcademy(java.lang.String,java.lang.String,java.lang.String)[pri:0, instance:SpiceJet.flightbooking.LoginValidations@61001b64]" started-at="2022-08-17T07:17:37 IST" name="loginToQaClickAcademy" data-provider="listOfUsers" finished-at="2022-08-17T07:17:38 IST" duration-ms="596" status="PASS">
          <params>
            <param index="0">
              <value>
                <![CDATA[qwer@gmail.com]]>
              </value>
            </param>
            <param index="1">
              <value>
                <![CDATA[qwer1234]]>
              </value>
            </param>
            <param index="2">
              <value>
                <![CDATA[2nd Data has been validated successfully.]]>
              </value>
            </param>
          </params>
          <reporter-output>
          </reporter-output>
        </test-method> <!-- loginToQaClickAcademy -->
        <test-method is-config="true" signature="closeBrowser()[pri:0, instance:SpiceJet.flightbooking.LoginValidations@61001b64]" started-at="2022-08-17T07:17:38 IST" name="closeBrowser" finished-at="2022-08-17T07:17:38 IST" duration-ms="132" status="PASS">
          <reporter-output>
          </reporter-output>
        </test-method> <!-- closeBrowser -->
      </class> <!-- SpiceJet.flightbooking.LoginValidations -->
    </test> <!-- Default test -->
  </suite> <!-- Default suite -->
</testng-results>
